20:15:56.776 Running build in Washington, D.C., USA (East) – iad1
20:15:56.777 Build machine configuration: 4 cores, 8 GB
20:15:56.885 Cloning github.com/robertmain53/quantus2 (Branch: main, Commit: b8348c4)
20:23:46.212 Cloning completed: 7:49.327 (m:ss.mmm)
20:23:48.692 Restored build cache from previous deployment (Cir7TnW38ntZQfBWhC1Ga4rzRG3A)
20:23:52.577 Running "vercel build"
20:23:53.188 Vercel CLI 48.12.0
20:23:54.262 Installing dependencies...
20:23:57.725 
20:23:57.726 up to date in 1s
20:23:57.726 
20:23:57.726 161 packages are looking for funding
20:23:57.726   run `npm fund` for details
20:23:57.757 Detected Next.js version: 14.1.0
20:23:57.762 Running "npm run build"
20:23:57.874 
20:23:57.874 > cernarus-content-platform@0.1.0 build
20:23:57.875 > next build
20:23:57.875 
20:23:58.556    ▲ Next.js 14.1.0
20:23:58.557 
20:23:58.612    Creating an optimized production build ...
20:24:03.210  ✓ Compiled successfully
20:24:03.211    Linting and checking validity of types ...
20:24:06.366    Collecting page data ...
20:24:06.903 Error: config file business/accounting/discounted-cash-flow-calculator: form.result.outputs[0] requires id and label; config file business/accounting/discounted-cash-flow-calculator: form.result.outputs[1] requires id and label
20:24:06.904     at u (/vercel/path0/.next/server/chunks/495.js:6:12631)
20:24:06.904     at /vercel/path0/.next/server/chunks/495.js:6:17265
20:24:06.904     at y (/vercel/path0/.next/server/chunks/495.js:6:17320)
20:24:06.904     at N (/vercel/path0/.next/server/chunks/495.js:6:19208)
20:24:06.904     at Object.c [as generateStaticParams] (/vercel/path0/.next/server/app/category/[categorySlug]/[subcategorySlug]/page.js:1:2132)
20:24:06.904     at buildParams (/vercel/path0/node_modules/next/dist/build/utils.js:1025:58)
20:24:06.904     at buildParams (/vercel/path0/node_modules/next/dist/build/utils.js:1019:28)
20:24:06.904     at buildParams (/vercel/path0/node_modules/next/dist/build/utils.js:1019:28)
20:24:06.905     at /vercel/path0/node_modules/next/dist/build/utils.js:1042:39
20:24:06.905     at AsyncLocalStorage.run (node:internal/async_local_storage/async_hooks:91:14)
20:24:06.906 
20:24:06.906 > Build error occurred
20:24:06.906 Error: Failed to collect page data for /category/[categorySlug]/[subcategorySlug]
20:24:06.906     at /vercel/path0/node_modules/next/dist/build/utils.js:1258:15
20:24:06.907     at process.processTicksAndRejections (node:internal/process/task_queues:105:5) {
20:24:06.907   type: 'Error'
20:24:06.907 }
20:24:06.952 Error: Command "npm run build" exited with 1
